<?xml version="1.0" encoding="UTF-8"?>
<!-- Generated by org.testng.reporters.JUnitReportReporter -->
<testsuite hostname="Dhinu" failures="0" tests="8" name="org.calculator.Calculator_Project.CalculatorTests" time="19.213" errors="0" timestamp="2024-07-11T12:06:22 IST" skipped="4">
  <testcase classname="org.calculator.Calculator_Project.CalculatorTests" name="calculate" time="4.211"/>
  <system-out/>
  <testcase classname="org.calculator.Calculator_Project.CalculatorTests" name="calculate" time="4.688"/>
  <system-out/>
  <testcase classname="org.calculator.Calculator_Project.CalculatorTests" name="calculate" time="3.969"/>
  <system-out/>
  <testcase classname="org.calculator.Calculator_Project.CalculatorTests" name="calculate" time="6.345"/>
  <system-out/>
  <testcase classname="org.calculator.Calculator_Project.CalculatorTests" name="testAddition">
    <skipped/>
  </testcase> <!-- testAddition -->
  <system-out/>
  <testcase classname="org.calculator.Calculator_Project.CalculatorTests" name="testDivision">
    <skipped/>
  </testcase> <!-- testDivision -->
  <system-out/>
  <testcase classname="org.calculator.Calculator_Project.CalculatorTests" name="testMultiplication">
    <skipped/>
  </testcase> <!-- testMultiplication -->
  <system-out/>
  <testcase classname="org.calculator.Calculator_Project.CalculatorTests" name="testSubtraction">
    <skipped/>
  </testcase> <!-- testSubtraction -->
  <system-out/>
</testsuite> <!-- org.calculator.Calculator_Project.CalculatorTests -->
