<?xml version="1.0" encoding="UTF-8"?>
<!-- Generated by org.testng.reporters.JUnitReportReporter -->
<testsuite hostname="Dhinu" failures="0" tests="8" name="org.calculator.Calculator_Project.CalculatorTests" time="7.683" errors="0" timestamp="2024-07-11T23:17:32 IST" skipped="4">
  <testcase classname="org.calculator.Calculator_Project.CalculatorTests" name="calculate" time="1.583"/>
  <system-out/>
  <testcase classname="org.calculator.Calculator_Project.CalculatorTests" name="calculate" time="2.009"/>
  <system-out/>
  <testcase classname="org.calculator.Calculator_Project.CalculatorTests" name="calculate" time="2.277"/>
  <system-out/>
  <testcase classname="org.calculator.Calculator_Project.CalculatorTests" name="calculate" time="1.814"/>
  <system-out/>
  <testcase classname="org.calculator.Calculator_Project.CalculatorTests" name="testAddition">
    <skipped/>
  </testcase> <!-- testAddition -->
  <system-out/>
  <testcase classname="org.calculator.Calculator_Project.CalculatorTests" name="testMultiplication">
    <skipped/>
  </testcase> <!-- testMultiplication -->
  <system-out/>
  <testcase classname="org.calculator.Calculator_Project.CalculatorTests" name="testDivision">
    <skipped/>
  </testcase> <!-- testDivision -->
  <system-out/>
  <testcase classname="org.calculator.Calculator_Project.CalculatorTests" name="testSubtraction">
    <skipped/>
  </testcase> <!-- testSubtraction -->
  <system-out/>
</testsuite> <!-- org.calculator.Calculator_Project.CalculatorTests -->
