<?xml version="1.0" encoding="UTF-8"?>
<!-- Generated by org.testng.reporters.JUnitReportReporter -->
<testsuite hostname="Dhinu" failures="0" tests="4" name="org.calculator.Calculator_Project.CalculatorTests" time="21.400" errors="0" timestamp="2024-07-14T22:53:08 IST" skipped="0">
  <testcase classname="org.calculator.Calculator_Project.CalculatorTests" name="calculate" time="5.725"/>
  <system-out/>
  <testcase classname="org.calculator.Calculator_Project.CalculatorTests" name="calculate" time="4.551"/>
  <system-out/>
  <testcase classname="org.calculator.Calculator_Project.CalculatorTests" name="calculate" time="5.135"/>
  <system-out/>
  <testcase classname="org.calculator.Calculator_Project.CalculatorTests" name="calculate" time="5.989"/>
  <system-out/>
</testsuite> <!-- org.calculator.Calculator_Project.CalculatorTests -->
