<?xml version="1.0" encoding="UTF-8"?>
<!-- Generated by org.testng.reporters.JUnitReportReporter -->
<testsuite hostname="Dhinu" failures="0" tests="4" name="org.calculator.Calculator_Project.CalculatorTests" time="17.744" errors="0" timestamp="2024-07-13T22:54:33 IST" skipped="0">
  <testcase classname="org.calculator.Calculator_Project.CalculatorTests" name="calculate" time="4.711"/>
  <system-out/>
  <testcase classname="org.calculator.Calculator_Project.CalculatorTests" name="calculate" time="4.290"/>
  <system-out/>
  <testcase classname="org.calculator.Calculator_Project.CalculatorTests" name="calculate" time="3.858"/>
  <system-out/>
  <testcase classname="org.calculator.Calculator_Project.CalculatorTests" name="calculate" time="4.885"/>
  <system-out/>
</testsuite> <!-- org.calculator.Calculator_Project.CalculatorTests -->
